[debug] [2022-10-03T03:59:32.157Z] ----------------------------------------------------------------------
[debug] [2022-10-03T03:59:32.168Z] Command:       C:\Program Files\nodejs\node.exe C:\Users\Hunter06\AppData\Roaming\npm\node_modules\firebase-tools\lib\bin\firebase.js init
[debug] [2022-10-03T03:59:32.170Z] CLI Version:   11.4.2
[debug] [2022-10-03T03:59:32.171Z] Platform:      win32
[debug] [2022-10-03T03:59:32.172Z] Node Version:  v16.16.0
[debug] [2022-10-03T03:59:32.278Z] Time:          Sun Oct 02 2022 20:59:32 GMT-0700 (Pacific Daylight Time)
[debug] [2022-10-03T03:59:32.280Z] ----------------------------------------------------------------------
[debug] 
[debug] [2022-10-03T03:59:32.308Z] >>> [apiv2][query] GET https://firebase-public.firebaseio.com/cli.json [none]
[debug] [2022-10-03T03:59:32.461Z] > command requires scopes: ["email","openid","https://www.googleapis.com/auth/cloudplatformprojects.readonly","https://www.googleapis.com/auth/firebase","https://www.googleapis.com/auth/cloud-platform"]
[debug] [2022-10-03T03:59:32.463Z] > authorizing via signed-in user (usvighio@gmail.com)
[info] 
     ######## #### ########  ######## ########     ###     ######  ########
     ##        ##  ##     ## ##       ##     ##  ##   ##  ##       ##
     ######    ##  ########  ######   ########  #########  ######  ######
     ##        ##  ##    ##  ##       ##     ## ##     ##       ## ##
     ##       #### ##     ## ######## ########  ##     ##  ######  ########

You're about to initialize a Firebase project in this directory:

  E:\Own Web Development Practice\My Personal Portfolio

[debug] [2022-10-03T03:59:33.323Z] <<< [apiv2][status] GET https://firebase-public.firebaseio.com/cli.json 200
[debug] [2022-10-03T03:59:33.324Z] <<< [apiv2][body] GET https://firebase-public.firebaseio.com/cli.json {"cloudBuildErrorAfter":1594252800000,"cloudBuildWarnAfter":1590019200000,"defaultNode10After":1594252800000,"minVersion":"3.0.5","node8DeploysDisabledAfter":1613390400000,"node8RuntimeDisabledAfter":1615809600000,"node8WarnAfter":1600128000000}
[info] 
=== Project Setup
[info] 
[info] First, let's associate this project directory with a Firebase project.
[info] You can create multiple project aliases by running firebase use --add, 
[info] but for now we'll just set up a default project.
[info] 
[debug] [2022-10-03T04:00:43.383Z] > refreshing access token with scopes: []
[debug] [2022-10-03T04:00:43.390Z] >>> [apiv2][query] POST https://www.googleapis.com/oauth2/v3/token [none]
[debug] [2022-10-03T04:00:43.392Z] >>> [apiv2][body] POST https://www.googleapis.com/oauth2/v3/token [omitted]
[debug] [2022-10-03T04:00:43.876Z] <<< [apiv2][status] POST https://www.googleapis.com/oauth2/v3/token 200
[debug] [2022-10-03T04:00:43.876Z] <<< [apiv2][body] POST https://www.googleapis.com/oauth2/v3/token [omitted]
[debug] [2022-10-03T04:00:44.672Z] >>> [apiv2][query] GET https://firebase.googleapis.com/v1beta1/projects pageSize=100
[debug] [2022-10-03T04:00:45.439Z] <<< [apiv2][status] GET https://firebase.googleapis.com/v1beta1/projects 200
[debug] [2022-10-03T04:00:45.440Z] <<< [apiv2][body] GET https://firebase.googleapis.com/v1beta1/projects [omitted]
[info] i  Using project usman-vighio (Usman-Vighio) 
[info] 
=== Hosting Setup
[info] 
[info] Your public directory is the folder (relative to your project directory) that
[info] will contain Hosting assets to be uploaded with firebase deploy. If you
[info] have a build process for your assets, use your build's output directory.
[info] 
[debug] [2022-10-03T04:01:03.572Z] >>> [apiv2][query] GET https://www.gstatic.com/firebasejs/releases.json [none]
[debug] [2022-10-03T04:01:03.953Z] <<< [apiv2][status] GET https://www.gstatic.com/firebasejs/releases.json 200
[debug] [2022-10-03T04:01:03.954Z] <<< [apiv2][body] GET https://www.gstatic.com/firebasejs/releases.json {"current":{"version":"9.10.0","browserURL":"https://www.gstatic.com/firebasejs/9.10.0/firebase.js","packageURL":"https://www.gstatic.com/firebasejs/9.10.0/firebase.tgz"},"live":{"version":"9.10","browserURL":"https://www.gstatic.com/firebasejs/live/9.10/firebase.js","packageURL":"https://www.gstatic.com/firebasejs/live/9.10/firebase.tgz"},"components":{"analytics":"https://www.gstatic.com/firebasejs/9.10.0/firebase-analytics.js","app":"https://www.gstatic.com/firebasejs/9.10.0/firebase-app.js","app-check":"https://www.gstatic.com/firebasejs/9.10.0/firebase-app-check.js","auth":"https://www.gstatic.com/firebasejs/9.10.0/firebase-auth.js","auth/cordova":"https://www.gstatic.com/firebasejs/9.10.0/firebase-auth/cordova.js","auth/react-native":"https://www.gstatic.com/firebasejs/9.10.0/firebase-auth/react-native.js","functions":"https://www.gstatic.com/firebasejs/9.10.0/firebase-functions.js","firestore":"https://www.gstatic.com/firebasejs/9.10.0/firebase-firestore.js","firestore/lite":"https://www.gstatic.com/firebasejs/9.10.0/firebase-firestore/lite.js","installations":"https://www.gstatic.com/firebasejs/9.10.0/firebase-installations.js","storage":"https://www.gstatic.com/firebasejs/9.10.0/firebase-storage.js","performance":"https://www.gstatic.com/firebasejs/9.10.0/firebase-performance.js","remote-config":"https://www.gstatic.com/firebasejs/9.10.0/firebase-remote-config.js","messaging":"https://www.gstatic.com/firebasejs/9.10.0/firebase-messaging.js","messaging/sw":"https://www.gstatic.com/firebasejs/9.10.0/firebase-messaging/sw.js","database":"https://www.gstatic.com/firebasejs/9.10.0/firebase-database.js","firestore.memory":"https://www.gstatic.com/firebasejs/9.10.0/firebase-firestore.memory.js"}}
[info] +  Wrote public/index.html 
[info] 
[info] i  Detected a .git folder at E:\Own Web Development Practice 
[info] i  Authorizing with GitHub to upload your service account to a GitHub repository's secrets store. 
[info] 
[info] Visit this URL on this device to log in:
[info] https://github.com/login/oauth/authorize?client_id=89cf50f02ac6aaed3484&state=226067824&redirect_uri=http%3A%2F%2Flocalhost%3A9005&scope=read%3Auser%20repo%20public_repo
[info] 
[info] Waiting for authentication...
[debug] [2022-10-03T04:02:12.303Z] >>> [apiv2][query] POST https://github.com/login/oauth/access_token [none]
[debug] [2022-10-03T04:02:12.304Z] >>> [apiv2][body] POST https://github.com/login/oauth/access_token [stream]
[debug] [2022-10-03T04:02:12.904Z] <<< [apiv2][status] POST https://github.com/login/oauth/access_token 200
[debug] [2022-10-03T04:02:12.905Z] <<< [apiv2][body] POST https://github.com/login/oauth/access_token {"access_token":"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","token_type":"bearer","scope":"read:user,repo"}
[debug] [2022-10-03T04:02:12.959Z] >>> [apiv2][query] GET https://api.github.com/user [none]
[debug] [2022-10-03T04:02:13.542Z] <<< [apiv2][status] GET https://api.github.com/user 200
[debug] [2022-10-03T04:02:13.543Z] <<< [apiv2][body] GET https://api.github.com/user {"login":"UsmanVighio","id":114506683,"node_id":"U_kgDOBtM7uw","avatar_url":"https://avatars.githubusercontent.com/u/114506683?v=4","gravatar_id":"","url":"https://api.github.com/users/UsmanVighio","html_url":"https://github.com/UsmanVighio","followers_url":"https://api.github.com/users/UsmanVighio/followers","following_url":"https://api.github.com/users/UsmanVighio/following{/other_user}","gists_url":"https://api.github.com/users/UsmanVighio/gists{/gist_id}","starred_url":"https://api.github.com/users/UsmanVighio/starred{/owner}{/repo}","subscriptions_url":"https://api.github.com/users/UsmanVighio/subscriptions","organizations_url":"https://api.github.com/users/UsmanVighio/orgs","repos_url":"https://api.github.com/users/UsmanVighio/repos","events_url":"https://api.github.com/users/UsmanVighio/events{/privacy}","received_events_url":"https://api.github.com/users/UsmanVighio/received_events","type":"User","site_admin":false,"name":null,"company":null,"blog":"","location":null,"email":null,"hireable":null,"bio":null,"twitter_username":null,"public_repos":1,"public_gists":0,"followers":0,"following":0,"created_at":"2022-09-27T15:48:36Z","updated_at":"2022-09-28T15:19:40Z","private_gists":0,"total_private_repos":0,"owned_private_repos":0,"disk_usage":1127,"collaborators":0,"two_factor_authentication":false,"plan":{"name":"free","space":976562499,"collaborators":0,"private_repos":10000}}
[info] 
[info] +  Success! Logged into GitHub as UsmanVighio 
[info] 
[debug] [2022-10-03T04:03:49.881Z] >>> [apiv2][query] GET https://api.github.com/repos/UsmanVighio/MyPortfolioWebsite.git/actions/secrets/public-key type=owner
[debug] [2022-10-03T04:03:50.392Z] <<< [apiv2][status] GET https://api.github.com/repos/UsmanVighio/MyPortfolioWebsite.git/actions/secrets/public-key 404
[debug] [2022-10-03T04:03:50.393Z] <<< [apiv2][body] GET https://api.github.com/repos/UsmanVighio/MyPortfolioWebsite.git/actions/secrets/public-key {"message":"Not Found","documentation_url":"https://docs.github.com/rest/reference/actions#get-a-repository-public-key"}
[debug] [2022-10-03T04:04:09.009Z] >>> [apiv2][query] GET https://api.github.com/repos//actions/secrets/public-key type=owner
[debug] [2022-10-03T04:04:09.513Z] <<< [apiv2][status] GET https://api.github.com/repos//actions/secrets/public-key 404
[debug] [2022-10-03T04:04:09.514Z] <<< [apiv2][body] GET https://api.github.com/repos//actions/secrets/public-key {"message":"Not Found","documentation_url":"https://docs.github.com/rest"}
[debug] [2022-10-03T04:04:09.609Z] >>> [apiv2][query] GET https://api.github.com/repos//actions/secrets/public-key type=owner
[debug] [2022-10-03T04:04:10.597Z] <<< [apiv2][status] GET https://api.github.com/repos//actions/secrets/public-key 404
[debug] [2022-10-03T04:04:10.601Z] <<< [apiv2][body] GET https://api.github.com/repos//actions/secrets/public-key {"message":"Not Found","documentation_url":"https://docs.github.com/rest"}
[debug] [2022-10-03T04:04:15.169Z] >>> [apiv2][query] GET https://api.github.com/repos/UsmanVighio/MyPortfolioWebsite.git/actions/secrets/public-key type=owner
[debug] [2022-10-03T04:04:15.644Z] <<< [apiv2][status] GET https://api.github.com/repos/UsmanVighio/MyPortfolioWebsite.git/actions/secrets/public-key 404
[debug] [2022-10-03T04:04:15.645Z] <<< [apiv2][body] GET https://api.github.com/repos/UsmanVighio/MyPortfolioWebsite.git/actions/secrets/public-key {"message":"Not Found","documentation_url":"https://docs.github.com/rest/reference/actions#get-a-repository-public-key"}
[debug] [2022-10-03T04:04:16.548Z] >>> [apiv2][query] GET https://api.github.com/repos/UsmanVighio/MyPortfolioWebsite.git/actions/secrets/public-key type=owner
[debug] [2022-10-03T04:04:17.021Z] <<< [apiv2][status] GET https://api.github.com/repos/UsmanVighio/MyPortfolioWebsite.git/actions/secrets/public-key 404
[debug] [2022-10-03T04:04:17.022Z] <<< [apiv2][body] GET https://api.github.com/repos/UsmanVighio/MyPortfolioWebsite.git/actions/secrets/public-key {"message":"Not Found","documentation_url":"https://docs.github.com/rest/reference/actions#get-a-repository-public-key"}
[debug] [2022-10-03T04:04:17.047Z] >>> [apiv2][query] GET https://api.github.com/repos/UsmanVighio/MyPortfolioWebsite.git/actions/secrets/public-key type=owner
[debug] [2022-10-03T04:04:17.080Z] >>> [apiv2][query] GET https://api.github.com/repos//actions/secrets/public-key type=owner
[debug] [2022-10-03T04:04:17.109Z] >>> [apiv2][query] GET https://api.github.com/repos//actions/secrets/public-key type=owner
[debug] [2022-10-03T04:04:17.138Z] >>> [apiv2][query] GET https://api.github.com/repos//actions/secrets/public-key type=owner
[debug] [2022-10-03T04:04:17.168Z] >>> [apiv2][query] GET https://api.github.com/repos//actions/secrets/public-key type=owner
[debug] [2022-10-03T04:04:17.201Z] >>> [apiv2][query] GET https://api.github.com/repos//actions/secrets/public-key type=owner
[debug] [2022-10-03T04:04:17.228Z] >>> [apiv2][query] GET https://api.github.com/repos//actions/secrets/public-key type=owner
[debug] [2022-10-03T04:04:17.278Z] >>> [apiv2][query] GET https://api.github.com/repos//actions/secrets/public-key type=owner
[debug] [2022-10-03T04:04:17.314Z] >>> [apiv2][query] GET https://api.github.com/repos//actions/secrets/public-key type=owner
[debug] [2022-10-03T04:04:17.352Z] >>> [apiv2][query] GET https://api.github.com/repos//actions/secrets/public-key type=owner
[debug] [2022-10-03T04:04:17.402Z] >>> [apiv2][query] GET https://api.github.com/repos//actions/secrets/public-key type=owner
[debug] [2022-10-03T04:04:17.410Z] >>> [apiv2][query] GET https://api.github.com/repos//actions/secrets/public-key type=owner
[debug] [2022-10-03T04:04:17.535Z] <<< [apiv2][status] GET https://api.github.com/repos/UsmanVighio/MyPortfolioWebsite.git/actions/secrets/public-key 404
[debug] [2022-10-03T04:04:17.536Z] <<< [apiv2][body] GET https://api.github.com/repos/UsmanVighio/MyPortfolioWebsite.git/actions/secrets/public-key {"message":"Not Found","documentation_url":"https://docs.github.com/rest/reference/actions#get-a-repository-public-key"}
[debug] [2022-10-03T04:04:17.550Z] <<< [apiv2][status] GET https://api.github.com/repos//actions/secrets/public-key 404
[debug] [2022-10-03T04:04:17.550Z] <<< [apiv2][body] GET https://api.github.com/repos//actions/secrets/public-key {"message":"Not Found","documentation_url":"https://docs.github.com/rest"}
[debug] [2022-10-03T04:04:17.621Z] <<< [apiv2][status] GET https://api.github.com/repos//actions/secrets/public-key 404
[debug] [2022-10-03T04:04:17.621Z] <<< [apiv2][body] GET https://api.github.com/repos//actions/secrets/public-key {"message":"Not Found","documentation_url":"https://docs.github.com/rest"}
[debug] [2022-10-03T04:04:17.627Z] <<< [apiv2][status] GET https://api.github.com/repos//actions/secrets/public-key 404
[debug] [2022-10-03T04:04:17.627Z] <<< [apiv2][body] GET https://api.github.com/repos//actions/secrets/public-key {"message":"Not Found","documentation_url":"https://docs.github.com/rest"}
[debug] [2022-10-03T04:04:17.653Z] <<< [apiv2][status] GET https://api.github.com/repos//actions/secrets/public-key 404
[debug] [2022-10-03T04:04:17.654Z] <<< [apiv2][body] GET https://api.github.com/repos//actions/secrets/public-key {"message":"Not Found","documentation_url":"https://docs.github.com/rest"}
[debug] [2022-10-03T04:04:17.674Z] <<< [apiv2][status] GET https://api.github.com/repos//actions/secrets/public-key 404
[debug] [2022-10-03T04:04:17.675Z] <<< [apiv2][body] GET https://api.github.com/repos//actions/secrets/public-key {"message":"Not Found","documentation_url":"https://docs.github.com/rest"}
[debug] [2022-10-03T04:04:17.749Z] <<< [apiv2][status] GET https://api.github.com/repos//actions/secrets/public-key 404
[debug] [2022-10-03T04:04:17.749Z] <<< [apiv2][body] GET https://api.github.com/repos//actions/secrets/public-key {"message":"Not Found","documentation_url":"https://docs.github.com/rest"}
[debug] [2022-10-03T04:04:17.796Z] <<< [apiv2][status] GET https://api.github.com/repos//actions/secrets/public-key 404
[debug] [2022-10-03T04:04:17.796Z] <<< [apiv2][body] GET https://api.github.com/repos//actions/secrets/public-key {"message":"Not Found","documentation_url":"https://docs.github.com/rest"}
[debug] [2022-10-03T04:04:17.832Z] <<< [apiv2][status] GET https://api.github.com/repos//actions/secrets/public-key 404
[debug] [2022-10-03T04:04:17.833Z] <<< [apiv2][body] GET https://api.github.com/repos//actions/secrets/public-key {"message":"Not Found","documentation_url":"https://docs.github.com/rest"}
[debug] [2022-10-03T04:04:17.839Z] <<< [apiv2][status] GET https://api.github.com/repos//actions/secrets/public-key 404
[debug] [2022-10-03T04:04:17.839Z] <<< [apiv2][body] GET https://api.github.com/repos//actions/secrets/public-key {"message":"Not Found","documentation_url":"https://docs.github.com/rest"}
[debug] [2022-10-03T04:04:17.893Z] <<< [apiv2][status] GET https://api.github.com/repos//actions/secrets/public-key 404
[debug] [2022-10-03T04:04:17.894Z] <<< [apiv2][body] GET https://api.github.com/repos//actions/secrets/public-key {"message":"Not Found","documentation_url":"https://docs.github.com/rest"}
[debug] [2022-10-03T04:04:17.919Z] <<< [apiv2][status] GET https://api.github.com/repos//actions/secrets/public-key 404
[debug] [2022-10-03T04:04:17.920Z] <<< [apiv2][body] GET https://api.github.com/repos//actions/secrets/public-key {"message":"Not Found","documentation_url":"https://docs.github.com/rest"}
[debug] [2022-10-03T04:04:18.342Z] >>> [apiv2][query] GET https://api.github.com/repos/UsmanVighio/MyPortfolioWebsite.git/actions/secrets/public-key type=owner
[debug] [2022-10-03T04:04:18.860Z] <<< [apiv2][status] GET https://api.github.com/repos/UsmanVighio/MyPortfolioWebsite.git/actions/secrets/public-key 404
[debug] [2022-10-03T04:04:18.861Z] <<< [apiv2][body] GET https://api.github.com/repos/UsmanVighio/MyPortfolioWebsite.git/actions/secrets/public-key {"message":"Not Found","documentation_url":"https://docs.github.com/rest/reference/actions#get-a-repository-public-key"}
[debug] [2022-10-03T04:04:20.778Z] >>> [apiv2][query] GET https://api.github.com/repos/UsmanVighio/MyPortfolioWebsite.git/actions/secrets/public-key type=owner
[debug] [2022-10-03T04:04:21.254Z] <<< [apiv2][status] GET https://api.github.com/repos/UsmanVighio/MyPortfolioWebsite.git/actions/secrets/public-key 404
[debug] [2022-10-03T04:04:21.255Z] <<< [apiv2][body] GET https://api.github.com/repos/UsmanVighio/MyPortfolioWebsite.git/actions/secrets/public-key {"message":"Not Found","documentation_url":"https://docs.github.com/rest/reference/actions#get-a-repository-public-key"}
[debug] [2022-10-03T04:04:30.958Z] >>> [apiv2][query] GET https://api.github.com/repos/UsmanVighio/MyPortfolioWebsite.git/actions/secrets/public-key type=owner
[debug] [2022-10-03T04:04:31.427Z] <<< [apiv2][status] GET https://api.github.com/repos/UsmanVighio/MyPortfolioWebsite.git/actions/secrets/public-key 404
[debug] [2022-10-03T04:04:31.427Z] <<< [apiv2][body] GET https://api.github.com/repos/UsmanVighio/MyPortfolioWebsite.git/actions/secrets/public-key {"message":"Not Found","documentation_url":"https://docs.github.com/rest/reference/actions#get-a-repository-public-key"}
[debug] [2022-10-03T04:04:53.610Z] >>> [apiv2][query] GET https://api.github.com/repos/UsmanVighio/MyPortfolioWebsite.gcd../actions/secrets/public-key type=owner
[debug] [2022-10-03T04:04:54.092Z] <<< [apiv2][status] GET https://api.github.com/repos/UsmanVighio/MyPortfolioWebsite.gcd../actions/secrets/public-key 404
[debug] [2022-10-03T04:04:54.101Z] <<< [apiv2][body] GET https://api.github.com/repos/UsmanVighio/MyPortfolioWebsite.gcd../actions/secrets/public-key {"message":"Not Found","documentation_url":"https://docs.github.com/rest/reference/actions#get-a-repository-public-key"}
[debug] [2022-10-03T04:04:58.337Z] >>> [apiv2][query] GET https://api.github.com/repos/cd ../actions/secrets/public-key type=owner
[debug] [2022-10-03T04:04:58.810Z] <<< [apiv2][status] GET https://api.github.com/repos/cd ../actions/secrets/public-key 404
[debug] [2022-10-03T04:04:58.810Z] <<< [apiv2][body] GET https://api.github.com/repos/cd ../actions/secrets/public-key {"message":"Not Found","documentation_url":"https://docs.github.com/rest"}
[debug] [2022-10-03T04:04:59.299Z] >>> [apiv2][query] GET https://api.github.com/repos/cd ../actions/secrets/public-key type=owner
[debug] [2022-10-03T04:04:59.756Z] <<< [apiv2][status] GET https://api.github.com/repos/cd ../actions/secrets/public-key 404
[debug] [2022-10-03T04:04:59.757Z] <<< [apiv2][body] GET https://api.github.com/repos/cd ../actions/secrets/public-key {"message":"Not Found","documentation_url":"https://docs.github.com/rest"}
[debug] [2022-10-03T04:05:08.481Z] >>> [apiv2][query] GET https://api.github.com/repos/UsmanVighio/MyPortfolioWebsite.git/actions/secrets/public-key type=owner
[debug] [2022-10-03T04:05:08.985Z] <<< [apiv2][status] GET https://api.github.com/repos/UsmanVighio/MyPortfolioWebsite.git/actions/secrets/public-key 404
[debug] [2022-10-03T04:05:08.986Z] <<< [apiv2][body] GET https://api.github.com/repos/UsmanVighio/MyPortfolioWebsite.git/actions/secrets/public-key {"message":"Not Found","documentation_url":"https://docs.github.com/rest/reference/actions#get-a-repository-public-key"}
[debug] [2022-10-03T04:05:09.443Z] >>> [apiv2][query] GET https://api.github.com/repos/UsmanVighio/MyPortfolioWebsite.git/actions/secrets/public-key type=owner
[debug] [2022-10-03T04:05:09.919Z] <<< [apiv2][status] GET https://api.github.com/repos/UsmanVighio/MyPortfolioWebsite.git/actions/secrets/public-key 404
[debug] [2022-10-03T04:05:09.919Z] <<< [apiv2][body] GET https://api.github.com/repos/UsmanVighio/MyPortfolioWebsite.git/actions/secrets/public-key {"message":"Not Found","documentation_url":"https://docs.github.com/rest/reference/actions#get-a-repository-public-key"}
[debug] [2022-10-03T04:05:10.162Z] >>> [apiv2][query] GET https://api.github.com/repos/UsmanVighio/MyPortfolioWebsite.git/actions/secrets/public-key type=owner
[debug] [2022-10-03T04:05:10.625Z] <<< [apiv2][status] GET https://api.github.com/repos/UsmanVighio/MyPortfolioWebsite.git/actions/secrets/public-key 404
[debug] [2022-10-03T04:05:10.626Z] <<< [apiv2][body] GET https://api.github.com/repos/UsmanVighio/MyPortfolioWebsite.git/actions/secrets/public-key {"message":"Not Found","documentation_url":"https://docs.github.com/rest/reference/actions#get-a-repository-public-key"}
[debug] [2022-10-03T04:05:11.085Z] >>> [apiv2][query] GET https://api.github.com/repos/UsmanVighio/MyPortfolioWebsite.git/actions/secrets/public-key type=owner
[debug] [2022-10-03T04:05:11.539Z] <<< [apiv2][status] GET https://api.github.com/repos/UsmanVighio/MyPortfolioWebsite.git/actions/secrets/public-key 404
[debug] [2022-10-03T04:05:11.539Z] <<< [apiv2][body] GET https://api.github.com/repos/UsmanVighio/MyPortfolioWebsite.git/actions/secrets/public-key {"message":"Not Found","documentation_url":"https://docs.github.com/rest/reference/actions#get-a-repository-public-key"}
[debug] [2022-10-03T04:05:11.857Z] >>> [apiv2][query] GET https://api.github.com/repos/UsmanVighio/MyPortfolioWebsite.git/actions/secrets/public-key type=owner
[debug] [2022-10-03T04:05:12.351Z] <<< [apiv2][status] GET https://api.github.com/repos/UsmanVighio/MyPortfolioWebsite.git/actions/secrets/public-key 404
[debug] [2022-10-03T04:05:12.351Z] <<< [apiv2][body] GET https://api.github.com/repos/UsmanVighio/MyPortfolioWebsite.git/actions/secrets/public-key {"message":"Not Found","documentation_url":"https://docs.github.com/rest/reference/actions#get-a-repository-public-key"}
[debug] [2022-10-03T04:05:12.834Z] >>> [apiv2][query] GET https://api.github.com/repos/UsmanVighio/MyPortfolioWebsite.git/actions/secrets/public-key type=owner
[debug] [2022-10-03T04:05:13.340Z] <<< [apiv2][status] GET https://api.github.com/repos/UsmanVighio/MyPortfolioWebsite.git/actions/secrets/public-key 404
[debug] [2022-10-03T04:05:13.340Z] <<< [apiv2][body] GET https://api.github.com/repos/UsmanVighio/MyPortfolioWebsite.git/actions/secrets/public-key {"message":"Not Found","documentation_url":"https://docs.github.com/rest/reference/actions#get-a-repository-public-key"}
